19:36:39.978 [restartedMain] INFO  c.h.w.WebApplication - [logStarting,55] - Starting WebApplication on LAPTOP-TJGG227B with PID 6832 (G:\infomanage\PowerManage1\man-web\target\classes started by 薛莎莎 in G:\infomanage\PowerManage1)
19:36:40.000 [restartedMain] INFO  c.h.w.WebApplication - [logStartupProfileInfo,651] - No active profile set, falling back to default profiles: default
19:36:41.165 [restartedMain] INFO  c.h.w.WebApplication - [logStarted,61] - Started WebApplication in 2.475 seconds (JVM running for 8.616)
19:45:29.262 [restartedMain] INFO  c.h.w.WebApplication - [logStarting,55] - Starting WebApplication on LAPTOP-TJGG227B with PID 11384 (G:\infomanage\PowerManage1\man-web\target\classes started by 薛莎莎 in G:\infomanage\PowerManage1)
19:45:29.266 [restartedMain] INFO  c.h.w.WebApplication - [logStartupProfileInfo,651] - No active profile set, falling back to default profiles: default
19:45:30.588 [restartedMain] INFO  c.h.w.WebApplication - [logStarted,61] - Started WebApplication in 2.042 seconds (JVM running for 4.371)
19:57:13.025 [restartedMain] INFO  c.h.w.WebApplication - [logStarting,55] - Starting WebApplication on LAPTOP-TJGG227B with PID 8980 (G:\infomanage\PowerManage1\man-web\target\classes started by 薛莎莎 in G:\infomanage\PowerManage1)
19:57:13.040 [restartedMain] INFO  c.h.w.WebApplication - [logStartupProfileInfo,651] - No active profile set, falling back to default profiles: default
19:57:15.463 [restartedMain] INFO  o.a.c.h.Http11NioProtocol - [log,173] - Initializing ProtocolHandler ["http-nio-8080"]
19:57:15.464 [restartedMain] INFO  o.a.c.c.StandardService - [log,173] - Starting service [Tomcat]
19:57:15.464 [restartedMain] INFO  o.a.c.c.StandardEngine - [log,173] - Starting Servlet engine: [Apache Tomcat/9.0.27]
19:57:15.467 [restartedMain] INFO  o.a.c.c.AprLifecycleListener - [log,173] - An older version [1.2.16] of the APR based Apache Tomcat Native library is installed, while Tomcat recommends a minimum version of [1.2.23]
19:57:15.468 [restartedMain] INFO  o.a.c.c.AprLifecycleListener - [log,173] - Loaded APR based Apache Tomcat Native library [1.2.16] using APR version [1.6.3].
19:57:15.468 [restartedMain] INFO  o.a.c.c.AprLifecycleListener - [log,173] - APR capabilities: IPv6 [true], sendfile [true], accept filters [false], random [true].
19:57:15.468 [restartedMain] INFO  o.a.c.c.AprLifecycleListener - [log,173] - APR/OpenSSL configuration: useAprConnector [false], useOpenSSL [true]
19:57:16.589 [restartedMain] INFO  o.a.c.c.AprLifecycleListener - [log,173] - OpenSSL successfully initialized [OpenSSL 1.0.2m  2 Nov 2017]
19:57:16.737 [restartedMain] INFO  o.a.c.c.C.[.[.[/] - [log,173] - Initializing Spring embedded WebApplicationContext
19:57:17.229 [restartedMain] INFO  o.a.c.h.Http11NioProtocol - [log,173] - Starting ProtocolHandler ["http-nio-8080"]
19:57:17.267 [restartedMain] INFO  c.h.w.WebApplication - [logStarted,61] - Started WebApplication in 5.611 seconds (JVM running for 8.354)
19:57:27.322 [http-nio-8080-exec-1] INFO  o.a.c.c.C.[.[.[/] - [log,173] - Initializing Spring DispatcherServlet 'dispatcherServlet'
20:01:17.679 [restartedMain] INFO  c.h.w.WebApplication - [logStarting,55] - Starting WebApplication on LAPTOP-TJGG227B with PID 13508 (G:\infomanage\PowerManage1\man-web\target\classes started by 薛莎莎 in G:\infomanage\PowerManage1)
20:01:17.683 [restartedMain] INFO  c.h.w.WebApplication - [logStartupProfileInfo,651] - No active profile set, falling back to default profiles: default
20:01:19.169 [restartedMain] INFO  o.a.c.h.Http11NioProtocol - [log,173] - Initializing ProtocolHandler ["http-nio-8080"]
20:01:19.170 [restartedMain] INFO  o.a.c.c.StandardService - [log,173] - Starting service [Tomcat]
20:01:19.170 [restartedMain] INFO  o.a.c.c.StandardEngine - [log,173] - Starting Servlet engine: [Apache Tomcat/9.0.27]
20:01:19.173 [restartedMain] INFO  o.a.c.c.AprLifecycleListener - [log,173] - An older version [1.2.16] of the APR based Apache Tomcat Native library is installed, while Tomcat recommends a minimum version of [1.2.23]
20:01:19.174 [restartedMain] INFO  o.a.c.c.AprLifecycleListener - [log,173] - Loaded APR based Apache Tomcat Native library [1.2.16] using APR version [1.6.3].
20:01:19.174 [restartedMain] INFO  o.a.c.c.AprLifecycleListener - [log,173] - APR capabilities: IPv6 [true], sendfile [true], accept filters [false], random [true].
20:01:19.175 [restartedMain] INFO  o.a.c.c.AprLifecycleListener - [log,173] - APR/OpenSSL configuration: useAprConnector [false], useOpenSSL [true]
20:01:20.226 [restartedMain] INFO  o.a.c.c.AprLifecycleListener - [log,173] - OpenSSL successfully initialized [OpenSSL 1.0.2m  2 Nov 2017]
20:01:20.361 [restartedMain] INFO  o.a.c.c.C.[.[.[/] - [log,173] - Initializing Spring embedded WebApplicationContext
20:01:20.770 [restartedMain] INFO  o.a.c.h.Http11NioProtocol - [log,173] - Starting ProtocolHandler ["http-nio-8080"]
20:01:20.802 [restartedMain] INFO  c.h.w.WebApplication - [logStarted,61] - Started WebApplication in 3.925 seconds (JVM running for 5.744)
20:01:33.313 [http-nio-8080-exec-1] INFO  o.a.c.c.C.[.[.[/] - [log,173] - Initializing Spring DispatcherServlet 'dispatcherServlet'
